Sender: LSF System <lsfadmin@polus-c4-ib.bmc.hpc.cs.msu.ru>
Subject: Job 896056: <./jac_cuda> in cluster <MSUCluster> Done

Job <./jac_cuda> was submitted from host <polus-ib.bmc.hpc.cs.msu.ru> by user <edu-acad2022-209> in cluster <MSUCluster> at Fri Sep 30 11:42:36 2022
Job was executed on host(s) <polus-c4-ib.bmc.hpc.cs.msu.ru>, in queue <short>, as user <edu-acad2022-209> in cluster <MSUCluster> at Fri Sep 30 11:42:37 2022
</home_edu/edu-acad2022-/edu-acad2022-209> was used as the home directory.
</home_edu/edu-acad2022-/edu-acad2022-209/sc_acad_2022/jac> was used as the working directory.
Started at Fri Sep 30 11:42:37 2022
Terminated at Fri Sep 30 11:42:40 2022
Results reported at Fri Sep 30 11:42:40 2022

Your job looked like:

------------------------------------------------------------
# LSBATCH: User input
./jac_cuda
------------------------------------------------------------

Successfully completed.

Resource usage summary:

    CPU time :                                   1.66 sec.
    Max Memory :                                 46 MB
    Average Memory :                             31.00 MB
    Total Requested Memory :                     -
    Delta Memory :                               -
    Max Swap :                                   -
    Max Processes :                              3
    Max Threads :                                6
    Run time :                                   3 sec.
    Turnaround time :                            4 sec.

The output (if any) follows:

compare A arrs after initialization:
Max error idx = 9214: -129.685659 -- -129.685659
Max error = 2.842171E-14
Avg error = 9.834200E-17


---- RESULTS ----

CPU EPS: 4.343377
GPU EPS: 4.343377
err: 0.000000E+00

compare A arrs:
Max error idx = 49013: -152.485368 -- -152.485368
Max error = 5.684342E-14
Avg error = 2.068443E-16

CPU A initialization time: 25.512352 ms
CPU JAC calculation time: 1463.879883 ms
CPU total time: 1489.392212 ms


GPU A initialization time: 0.396064 ms
GPU JAC calculation time: 25.460672 ms
GPU D2H time: 0.529568 ms
GPU calculation time: 25.856737 ms
GPU total time: 26.386305 ms

Acceleration (only calculation): 56.4x (57.6x)

no error