Sender: LSF System <lsfadmin@polus-c3-ib.bmc.hpc.cs.msu.ru>
Subject: Job 895831: <# this file was automaticly created by mpisubmit.pl script for edu-acad2022-209 #;source /polusfs/setenv/setup.SMPI;#BSUB -n 1;#BSUB -W 00:15;#BSUB -gpu "num=1:mode=exclusive_process";#BSUB -o run.%J.out;#BSUB -e run.%J.err;OMP_NUM_THREADS=1 mpiexec ./run> in cluster <MSUCluster> Done

Job <# this file was automaticly created by mpisubmit.pl script for edu-acad2022-209 #;source /polusfs/setenv/setup.SMPI;#BSUB -n 1;#BSUB -W 00:15;#BSUB -gpu "num=1:mode=exclusive_process";#BSUB -o run.%J.out;#BSUB -e run.%J.err;OMP_NUM_THREADS=1 mpiexec ./run> was submitted from host <polus-ib.bmc.hpc.cs.msu.ru> by user <edu-acad2022-209> in cluster <MSUCluster> at Thu Sep 29 13:17:49 2022
Job was executed on host(s) <polus-c3-ib.bmc.hpc.cs.msu.ru>, in queue <short>, as user <edu-acad2022-209> in cluster <MSUCluster> at Thu Sep 29 13:17:51 2022
</home_edu/edu-acad2022-/edu-acad2022-209> was used as the home directory.
</home_edu/edu-acad2022-/edu-acad2022-209/sc_acad_2022/task_1> was used as the working directory.
Started at Thu Sep 29 13:17:51 2022
Terminated at Thu Sep 29 13:19:00 2022
Results reported at Thu Sep 29 13:19:00 2022

Your job looked like:

------------------------------------------------------------
# LSBATCH: User input
# this file was automaticly created by mpisubmit.pl script for edu-acad2022-209 #
source /polusfs/setenv/setup.SMPI
#BSUB -n 1
#BSUB -W 00:15
#BSUB -gpu "num=1:mode=exclusive_process"
#BSUB -o run.%J.out
#BSUB -e run.%J.err
OMP_NUM_THREADS=1 mpiexec ./run

------------------------------------------------------------

Successfully completed.

Resource usage summary:

    CPU time :                                   68.69 sec.
    Max Memory :                                 222 MB
    Average Memory :                             172.42 MB
    Total Requested Memory :                     -
    Delta Memory :                               -
    Max Swap :                                   -
    Max Processes :                              5
    Max Threads :                                12
    Run time :                                   70 sec.
    Turnaround time :                            71 sec.

The output (if any) follows:

Arr size: 104857600
Arr len: 13107200

Max error idx = 11630013: 0.432844 -- 0.432844
Max error = 0.0000000000000309
Avg error = 0.0000000000000006

GPU D2H memory copy time: 17.753088 ms
GPU calculation time: 16.294687 ms

GPU total time: 34.047775 ms
CPU calculation time: 68205.343750 ms
Acceleration (only calculation): 2003.2x (4185.7x)


PS:

Read file <run.895831.err> for stderr output of this job.

