Sender: LSF System <lsfadmin@polus-c3-ib.bmc.hpc.cs.msu.ru>
Subject: Job 895840: <# this file was automaticly created by mpisubmit.pl script for edu-acad2022-209 #;source /polusfs/setenv/setup.SMPI;#BSUB -n 1;#BSUB -W 00:15;#BSUB -gpu "num=1:mode=exclusive_process";#BSUB -o run_streams.%J.out;#BSUB -e run_streams.%J.err;OMP_NUM_THREADS=1 mpiexec ./run_streams> in cluster <MSUCluster> Done

Job <# this file was automaticly created by mpisubmit.pl script for edu-acad2022-209 #;source /polusfs/setenv/setup.SMPI;#BSUB -n 1;#BSUB -W 00:15;#BSUB -gpu "num=1:mode=exclusive_process";#BSUB -o run_streams.%J.out;#BSUB -e run_streams.%J.err;OMP_NUM_THREADS=1 mpiexec ./run_streams> was submitted from host <polus-ib.bmc.hpc.cs.msu.ru> by user <edu-acad2022-209> in cluster <MSUCluster> at Thu Sep 29 13:38:25 2022
Job was executed on host(s) <polus-c3-ib.bmc.hpc.cs.msu.ru>, in queue <short>, as user <edu-acad2022-209> in cluster <MSUCluster> at Thu Sep 29 13:38:26 2022
</home_edu/edu-acad2022-/edu-acad2022-209> was used as the home directory.
</home_edu/edu-acad2022-/edu-acad2022-209/sc_acad_2022/task_1> was used as the working directory.
Started at Thu Sep 29 13:38:26 2022
Terminated at Thu Sep 29 13:39:35 2022
Results reported at Thu Sep 29 13:39:35 2022

Your job looked like:

------------------------------------------------------------
# LSBATCH: User input
# this file was automaticly created by mpisubmit.pl script for edu-acad2022-209 #
source /polusfs/setenv/setup.SMPI
#BSUB -n 1
#BSUB -W 00:15
#BSUB -gpu "num=1:mode=exclusive_process"
#BSUB -o run_streams.%J.out
#BSUB -e run_streams.%J.err
OMP_NUM_THREADS=1 mpiexec ./run_streams

------------------------------------------------------------

Successfully completed.

Resource usage summary:

    CPU time :                                   68.13 sec.
    Max Memory :                                 122 MB
    Average Memory :                             81.33 MB
    Total Requested Memory :                     -
    Delta Memory :                               -
    Max Swap :                                   -
    Max Processes :                              5
    Max Threads :                                12
    Run time :                                   74 sec.
    Turnaround time :                            70 sec.

The output (if any) follows:

Arr size: 104857600
Arr len: 13107200



Max error idx = 11630013: 0.432844 -- 0.432844
Max error = 0.0000000000000309
Avg error = 0.0000000000000006
GPU total time: 17.662048 ms
CPU calculation time: 67632.890625 ms
Acceleration: 3829.3x


PS:

Read file <run_streams.895840.err> for stderr output of this job.

